[19:11:16] [Main/INFO]: Environment: authHost='https://authserver.mojang.com', accountsHost='https://api.mojang.com', sessionHost='https://sessionserver.mojang.com', servicesHost='https://api.minecraftservices.com', name='PROD'
[19:11:18] [Main/INFO]: Setting user: bebrockauwuq
[19:11:18] [Main/INFO]: Backend library: LWJGL version 3.2.2 build 10
[19:11:24] [Main/INFO]: [Shaders] OpenGL Version: 4.6.0 NVIDIA 546.65
[19:11:24] [Main/INFO]: [Shaders] Vendor:  NVIDIA Corporation
[19:11:24] [Main/INFO]: [Shaders] Renderer: NVIDIA GeForce GTX 1650 Ti with Max-Q Design/PCIe/SSE2
[19:11:24] [Main/INFO]: [Shaders] Capabilities:  2.0  2.1  3.0  3.2  4.0 
[19:11:24] [Main/INFO]: [Shaders] GL_MAX_DRAW_BUFFERS: 8
[19:11:24] [Main/INFO]: [Shaders] GL_MAX_COLOR_ATTACHMENTS_EXT: 8
[19:11:24] [Main/INFO]: [Shaders] GL_MAX_TEXTURE_IMAGE_UNITS: 32
[19:11:24] [Main/INFO]: [Shaders] Load shaders configuration.
[19:11:24] [Main/INFO]: [Shaders] No shaderpack loaded.
[19:11:25] [Main/INFO]: Narrator library for x64 successfully loaded
[19:11:25] [Main/INFO]: Excellent -> initializing.
[19:11:28] [Main/INFO]: Loaded Platform ViaVersion
[19:11:28] [Main/INFO]: Loading translations...
[19:11:28] [Main/INFO]: Registering protocols...
[19:11:29] [Via-Mappingloader-0/INFO]: Loading block connection mappings ...
[19:11:29] [Main/INFO]: Loaded Platform ViaBackwards
[19:11:29] [Main/INFO]: ViaVersion detected lowest supported version by the proxy: 1.4.6/7 (51)
[19:11:29] [Main/INFO]: Highest supported version by the proxy: 1.20.2 (764)
[19:11:29] [Main/INFO]: [CHAT] §7[Baritone§7] Baritone settings file not found, resetting.
[19:11:29] [Main/WARN]: Could not find uniform named resolution in the specified shader program.
[19:11:29] [Main/INFO]: Excellent -> initialized.
[19:11:29] [Main/INFO]: Reloading ResourceManager: Default, sheluvparis
[19:11:30] [Main/INFO]: [STDOUT]: Done.
[19:11:32] [Via Async Task 1/WARN]: There is a newer plugin version available: 4.10.2, you're on: 4.8.1
[19:11:33] [Via-Mappingloader-0/INFO]: Using FastUtil Long2ObjectOpenHashMap for block connections
[19:11:34] [Via Async Scheduler 0/INFO]: Finished mapping loading, shutting down loader executor!
[19:11:52] [Main/WARN]: Missing sound for event: minecraft:block.snow.break
[19:11:52] [Main/WARN]: Missing sound for event: minecraft:block.snow.fall
[19:11:52] [Main/WARN]: Missing sound for event: minecraft:block.snow.hit
[19:11:52] [Main/WARN]: Missing sound for event: minecraft:block.snow.place
[19:11:52] [Main/WARN]: Missing sound for event: minecraft:block.snow.step
[19:11:52] [Main/INFO]: OpenAL initialized.
[19:11:52] [Main/INFO]: Sound engine started
[19:12:03] [Main/ERROR]: Can't ping mc.brominemc.ru: Disconnected
[19:12:06] [Main/INFO]: Stopping!
